2018-11-05 17:47:25 [127.0.0.1][-][1v774j52t5opmee5acdoug6m45][error][yii\base\InvalidParamException] exception 'yii\base\InvalidParamException' with message 'The view file does not exist: E:\kevin\test\a\jx\wwwroot\vendor\mdmsoft\yii2-admin\views\layouts\main-login.php' in E:\kevin\test\a\jx\wwwroot\vendor\yiisoft\yii2\base\View.php:226
Stack trace:
#0 E:\kevin\test\a\jx\wwwroot\vendor\yiisoft\yii2\base\Controller.php(393): yii\base\View->renderFile('E:\\kevin\\test\\a...', Array, Object(mdm\admin\controllers\UserController))
#1 E:\kevin\test\a\jx\wwwroot\vendor\yiisoft\yii2\base\Controller.php(379): yii\base\Controller->renderContent('<div class="sit...')
#2 E:\kevin\test\a\jx\wwwroot\vendor\mdmsoft\yii2-admin\controllers\UserController.php(147): yii\base\Controller->render('login', Array)
#3 [internal function]: mdm\admin\controllers\UserController->actionLogin()
#4 E:\kevin\test\a\jx\wwwroot\vendor\yiisoft\yii2\base\InlineAction.php(55): call_user_func_array(Array, Array)
#5 E:\kevin\test\a\jx\wwwroot\vendor\yiisoft\yii2\base\Controller.php(154): yii\base\InlineAction->runWithParams(Array)
#6 E:\kevin\test\a\jx\wwwroot\vendor\yiisoft\yii2\base\Module.php(454): yii\base\Controller->runAction('login', Array)
#7 E:\kevin\test\a\jx\wwwroot\vendor\yiisoft\yii2\web\Application.php(87): yii\base\Module->runAction('admin/user/logi...', Array)
#8 E:\kevin\test\a\jx\wwwroot\vendor\yiisoft\yii2\base\Application.php(375): yii\web\Application->handleRequest(Object(yii\web\Request))
#9 E:\kevin\test\a\jx\wwwroot\index.php(20): yii\base\Application->run()
#10 {main}
2018-11-05 17:47:25 [127.0.0.1][-][1v774j52t5opmee5acdoug6m45][info][application] $_GET = [
    's' => '/admin/user/login'
]

$_COOKIE = [
    'PHPSESSID' => '1v774j52t5opmee5acdoug6m45'
    '_csrf' => 'd63154cfb6ddc4ec8e73a638bf6a7180665260f2ef415e7cc634b6943b38f062a:2:{i:0;s:5:\"_csrf\";i:1;s:32:\"rHhlUz4vETkmwdPQEndKFx6yxq_-fh_8\";}'
]

$_SESSION = [
    '__flash' => []
]

$_SERVER = [
    'ALLUSERSPROFILE' => 'C:\\ProgramData'
    'APPDATA' => 'C:\\Windows\\system32\\config\\systemprofile\\AppData\\Roaming'
    'asl_log' => 'Destination=file'
    'CommonProgramFiles' => 'C:\\Program Files (x86)\\Common Files'
    'CommonProgramFiles(x86)' => 'C:\\Program Files (x86)\\Common Files'
    'CommonProgramW6432' => 'C:\\Program Files\\Common Files'
    'COMPUTERNAME' => 'PC-20170418EPGR'
    'ComSpec' => 'C:\\Windows\\system32\\cmd.exe'
    'FP_NO_HOST_CHECK' => 'NO'
    'LOCALAPPDATA' => 'C:\\Windows\\system32\\config\\systemprofile\\AppData\\Local'
    'NUMBER_OF_PROCESSORS' => '4'
    'OS' => 'Windows_NT'
    'Path' => 'C:\\Windows\\system32;C:\\Windows;C:\\Windows\\System32\\Wbem;C:\\Windows\\System32\\WindowsPowerShell\\v1.0\\;C:\\Program Files\\TortoiseSVN\\bin;C:\\Program Files\\Git\\cmd;D:\\phpStudy\\php\\php-5.6.27-nts;D:\\phpStudy\\redis-64bit;C:\\Users\\Administrator\\AppData\\Local\\Programs\\Python\\Python36;C:\\Users\\Administrator\\AppData\\Local\\Programs\\Python\\Python36\\Scripts;C:\\Program Files\\TortoiseGit\\bin;C:\\Program Files (x86)\\Tesseract-OCR;C:\\Program Files (x86)\\Microsoft SQL Server\\100\\Tools\\Binn\\;C:\\Program Files (x86)\\Microsoft SQL Server\\100\\DTS\\Binn\\;'
    'PATHEXT' => '.COM;.EXE;.BAT;.CMD;.VBS;.VBE;.JS;.JSE;.WSF;.WSH;.MSC'
    'PROCESSOR_ARCHITECTURE' => 'x86'
    'PROCESSOR_ARCHITEW6432' => 'AMD64'
    'PROCESSOR_IDENTIFIER' => 'Intel64 Family 6 Model 94 Stepping 3, GenuineIntel'
    'PROCESSOR_LEVEL' => '6'
    'PROCESSOR_REVISION' => '5e03'
    'ProgramData' => 'C:\\ProgramData'
    'ProgramFiles' => 'C:\\Program Files (x86)'
    'ProgramFiles(x86)' => 'C:\\Program Files (x86)'
    'ProgramW6432' => 'C:\\Program Files'
    'PSModulePath' => 'C:\\Windows\\system32\\WindowsPowerShell\\v1.0\\Modules\\'
    'PUBLIC' => 'C:\\Users\\Public'
    'SystemDrive' => 'C:'
    'SystemRoot' => 'C:\\Windows'
    'TEMP' => 'C:\\Windows\\TEMP'
    'TESSDATA_PREFIX' => 'C:\\Program Files (x86)\\Tesseract-OCR\\tessdata'
    'TMP' => 'C:\\Windows\\TEMP'
    'USERDOMAIN' => 'WORKGROUP'
    'USERNAME' => 'PC-20170418EPGR$'
    'USERPROFILE' => 'C:\\Windows\\system32\\config\\systemprofile'
    'VBOX_MSI_INSTALL_PATH' => 'C:\\Program Files\\Oracle\\VirtualBox\\'
    'windir' => 'C:\\Windows'
    'windows_tracing_flags' => '3'
    'windows_tracing_logfile' => 'C:\\BVTBin\\Tests\\installpackage\\csilogfile.log'
    '_DFX_INSTALL_UNSIGNED_DRIVER' => '1'
    'HTTP_CACHE_CONTROL' => 'no-cache'
    'HTTP_PRAGMA' => 'no-cache'
    'HTTP_UPGRADE_INSECURE_REQUESTS' => '1'
    'HTTP_COOKIE' => 'PHPSESSID=1v774j52t5opmee5acdoug6m45; _csrf=d63154cfb6ddc4ec8e73a638bf6a7180665260f2ef415e7cc634b6943b38f062a%3A2%3A%7Bi%3A0%3Bs%3A5%3A%22_csrf%22%3Bi%3A1%3Bs%3A32%3A%22rHhlUz4vETkmwdPQEndKFx6yxq_-fh_8%22%3B%7D'
    'HTTP_CONNECTION' => 'keep-alive'
    'HTTP_DNT' => '1'
    'HTTP_REFERER' => 'http://jx.com/bemanage/service'
    'HTTP_ACCEPT_ENCODING' => 'gzip, deflate'
    'HTTP_ACCEPT_LANGUAGE' => 'zh-CN,zh;q=0.8,zh-TW;q=0.7,zh-HK;q=0.5,en-US;q=0.3,en;q=0.2'
    'HTTP_ACCEPT' => 'text/html,application/xhtml+xml,application/xml;q=0.9,*/*;q=0.8'
    'HTTP_USER_AGENT' => 'Mozilla/5.0 (Windows NT 6.1; Win64; x64; rv:63.0) Gecko/20100101 Firefox/63.0'
    'HTTP_HOST' => 'jx.com'
    'REDIRECT_STATUS' => '200'
    'SERVER_NAME' => 'jx.com'
    'SERVER_PORT' => '80'
    'SERVER_ADDR' => '127.0.0.1'
    'REMOTE_PORT' => '59850'
    'REMOTE_ADDR' => '127.0.0.1'
    'SERVER_SOFTWARE' => 'nginx/1.11.5'
    'GATEWAY_INTERFACE' => 'CGI/1.1'
    'SERVER_PROTOCOL' => 'HTTP/1.1'
    'DOCUMENT_ROOT' => 'E:/kevin/test/a/jx\\wwwroot'
    'DOCUMENT_URI' => '/index.php'
    'REQUEST_URI' => '/admin/user/login'
    'SCRIPT_NAME' => '/index.php'
    'CONTENT_LENGTH' => ''
    'CONTENT_TYPE' => ''
    'UNTOUCHED_BODY' => ''
    'REQUEST_METHOD' => 'GET'
    'QUERY_STRING' => 's=/admin/user/login'
    'PATH_TRANSLATED' => 'E:/kevin/test/a/jx\\wwwroot'
    'PATH_INFO' => ''
    'SCRIPT_FILENAME' => 'E:/kevin/test/a/jx\\wwwroot/index.php'
    'FCGI_ROLE' => 'RESPONDER'
    'PHP_SELF' => '/index.php'
    'REQUEST_TIME_FLOAT' => 1541411245.336
    'REQUEST_TIME' => 1541411245
]
2018-11-05 17:55:08 [127.0.0.1][1][bfp5ehv91mptk81k0bv8oa1nb2][error][yii\base\ErrorException:2] exception 'yii\base\ErrorException' with message 'move_uploaded_file(./upload/news/201811051755076435.png): failed to open stream: No such file or directory' in E:\kevin\test\a\jx\wwwroot\vendor\yiisoft\yii2\web\UploadedFile.php:161
Stack trace:
#0 E:\kevin\test\a\jx\wwwroot\controllers\bemanage\BannerController.php(110): yii\web\UploadedFile->saveAs()
#1 E:\kevin\test\a\jx\wwwroot\vendor\yiisoft\yii2\base\InlineAction.php(55): app\controllers\bemanage\BannerController->actionCreate()
#2 E:\kevin\test\a\jx\wwwroot\vendor\yiisoft\yii2\base\InlineAction.php(55): ::call_user_func_array:{E:\kevin\test\a\jx\wwwroot\vendor\yiisoft\yii2\base\InlineAction.php:55}()
#3 E:\kevin\test\a\jx\wwwroot\vendor\yiisoft\yii2\base\Controller.php(154): yii\base\InlineAction->runWithParams()
#4 E:\kevin\test\a\jx\wwwroot\vendor\yiisoft\yii2\base\Module.php(454): yii\base\Controller->runAction()
#5 E:\kevin\test\a\jx\wwwroot\vendor\yiisoft\yii2\web\Application.php(87): yii\base\Module->runAction()
#6 E:\kevin\test\a\jx\wwwroot\vendor\yiisoft\yii2\base\Application.php(375): yii\web\Application->handleRequest()
#7 E:\kevin\test\a\jx\wwwroot\index.php(20): yii\base\Application->run()
#8 {main}
2018-11-05 17:55:06 [127.0.0.1][1][bfp5ehv91mptk81k0bv8oa1nb2][info][application] $_GET = [
    's' => '/bemanage/banner/create'
]

$_POST = [
    '_csrf' => 'ZHNodTV3MVcWOwAZYA0FISEnAxhCE2EGIR0MPnMPBy4cAjdYUx9ubw=='
    'Banner' => [
        'name' => '231'
        'imgUrl' => ''
        'desc' => '123'
        'url' => '123'
    ]
]

$_FILES = [
    'Banner' => [
        'name' => [
            'imgUrl' => 'flag.png'
        ]
        'type' => [
            'imgUrl' => 'image/png'
        ]
        'tmp_name' => [
            'imgUrl' => 'C:\\Windows\\Temp\\php919E.tmp'
        ]
        'error' => [
            'imgUrl' => 0
        ]
        'size' => [
            'imgUrl' => 78832
        ]
    ]
]

$_COOKIE = [
    'PHPSESSID' => 'bfp5ehv91mptk81k0bv8oa1nb2'
    '_csrf' => 'd63154cfb6ddc4ec8e73a638bf6a7180665260f2ef415e7cc634b6943b38f062a:2:{i:0;s:5:\"_csrf\";i:1;s:32:\"rHhlUz4vETkmwdPQEndKFx6yxq_-fh_8\";}'
]

$_SESSION = [
    '__flash' => []
    '__id' => 1
]

$_SERVER = [
    'ALLUSERSPROFILE' => 'C:\\ProgramData'
    'APPDATA' => 'C:\\Windows\\system32\\config\\systemprofile\\AppData\\Roaming'
    'asl_log' => 'Destination=file'
    'CommonProgramFiles' => 'C:\\Program Files (x86)\\Common Files'
    'CommonProgramFiles(x86)' => 'C:\\Program Files (x86)\\Common Files'
    'CommonProgramW6432' => 'C:\\Program Files\\Common Files'
    'COMPUTERNAME' => 'PC-20170418EPGR'
    'ComSpec' => 'C:\\Windows\\system32\\cmd.exe'
    'FP_NO_HOST_CHECK' => 'NO'
    'LOCALAPPDATA' => 'C:\\Windows\\system32\\config\\systemprofile\\AppData\\Local'
    'NUMBER_OF_PROCESSORS' => '4'
    'OS' => 'Windows_NT'
    'Path' => 'C:\\Windows\\system32;C:\\Windows;C:\\Windows\\System32\\Wbem;C:\\Windows\\System32\\WindowsPowerShell\\v1.0\\;C:\\Program Files\\TortoiseSVN\\bin;C:\\Program Files\\Git\\cmd;D:\\phpStudy\\php\\php-5.6.27-nts;D:\\phpStudy\\redis-64bit;C:\\Users\\Administrator\\AppData\\Local\\Programs\\Python\\Python36;C:\\Users\\Administrator\\AppData\\Local\\Programs\\Python\\Python36\\Scripts;C:\\Program Files\\TortoiseGit\\bin;C:\\Program Files (x86)\\Tesseract-OCR;C:\\Program Files (x86)\\Microsoft SQL Server\\100\\Tools\\Binn\\;C:\\Program Files (x86)\\Microsoft SQL Server\\100\\DTS\\Binn\\;'
    'PATHEXT' => '.COM;.EXE;.BAT;.CMD;.VBS;.VBE;.JS;.JSE;.WSF;.WSH;.MSC'
    'PROCESSOR_ARCHITECTURE' => 'x86'
    'PROCESSOR_ARCHITEW6432' => 'AMD64'
    'PROCESSOR_IDENTIFIER' => 'Intel64 Family 6 Model 94 Stepping 3, GenuineIntel'
    'PROCESSOR_LEVEL' => '6'
    'PROCESSOR_REVISION' => '5e03'
    'ProgramData' => 'C:\\ProgramData'
    'ProgramFiles' => 'C:\\Program Files (x86)'
    'ProgramFiles(x86)' => 'C:\\Program Files (x86)'
    'ProgramW6432' => 'C:\\Program Files'
    'PSModulePath' => 'C:\\Windows\\system32\\WindowsPowerShell\\v1.0\\Modules\\'
    'PUBLIC' => 'C:\\Users\\Public'
    'SystemDrive' => 'C:'
    'SystemRoot' => 'C:\\Windows'
    'TEMP' => 'C:\\Windows\\TEMP'
    'TESSDATA_PREFIX' => 'C:\\Program Files (x86)\\Tesseract-OCR\\tessdata'
    'TMP' => 'C:\\Windows\\TEMP'
    'USERDOMAIN' => 'WORKGROUP'
    'USERNAME' => 'PC-20170418EPGR$'
    'USERPROFILE' => 'C:\\Windows\\system32\\config\\systemprofile'
    'VBOX_MSI_INSTALL_PATH' => 'C:\\Program Files\\Oracle\\VirtualBox\\'
    'windir' => 'C:\\Windows'
    'windows_tracing_flags' => '3'
    'windows_tracing_logfile' => 'C:\\BVTBin\\Tests\\installpackage\\csilogfile.log'
    '_DFX_INSTALL_UNSIGNED_DRIVER' => '1'
    'HTTP_CACHE_CONTROL' => 'no-cache'
    'HTTP_PRAGMA' => 'no-cache'
    'HTTP_UPGRADE_INSECURE_REQUESTS' => '1'
    'HTTP_COOKIE' => 'PHPSESSID=bfp5ehv91mptk81k0bv8oa1nb2; _csrf=d63154cfb6ddc4ec8e73a638bf6a7180665260f2ef415e7cc634b6943b38f062a%3A2%3A%7Bi%3A0%3Bs%3A5%3A%22_csrf%22%3Bi%3A1%3Bs%3A32%3A%22rHhlUz4vETkmwdPQEndKFx6yxq_-fh_8%22%3B%7D'
    'HTTP_CONNECTION' => 'keep-alive'
    'HTTP_DNT' => '1'
    'HTTP_CONTENT_LENGTH' => '79584'
    'HTTP_CONTENT_TYPE' => 'multipart/form-data; boundary=---------------------------239462976683'
    'HTTP_REFERER' => 'http://jx.com/bemanage/banner/create'
    'HTTP_ACCEPT_ENCODING' => 'gzip, deflate'
    'HTTP_ACCEPT_LANGUAGE' => 'zh-CN,zh;q=0.8,zh-TW;q=0.7,zh-HK;q=0.5,en-US;q=0.3,en;q=0.2'
    'HTTP_ACCEPT' => 'text/html,application/xhtml+xml,application/xml;q=0.9,*/*;q=0.8'
    'HTTP_USER_AGENT' => 'Mozilla/5.0 (Windows NT 6.1; Win64; x64; rv:63.0) Gecko/20100101 Firefox/63.0'
    'HTTP_HOST' => 'jx.com'
    'REDIRECT_STATUS' => '200'
    'SERVER_NAME' => 'jx.com'
    'SERVER_PORT' => '80'
    'SERVER_ADDR' => '127.0.0.1'
    'REMOTE_PORT' => '60934'
    'REMOTE_ADDR' => '127.0.0.1'
    'SERVER_SOFTWARE' => 'nginx/1.11.5'
    'GATEWAY_INTERFACE' => 'CGI/1.1'
    'SERVER_PROTOCOL' => 'HTTP/1.1'
    'DOCUMENT_ROOT' => 'E:/kevin/test/a/jx\\wwwroot'
    'DOCUMENT_URI' => '/index.php'
    'REQUEST_URI' => '/bemanage/banner/create'
    'SCRIPT_NAME' => '/index.php'
    'CONTENT_LENGTH' => '79584'
    'CONTENT_TYPE' => 'multipart/form-data; boundary=---------------------------239462976683'
    'UNTOUCHED_BODY' => ''
    'REQUEST_METHOD' => 'POST'
    'QUERY_STRING' => 's=/bemanage/banner/create'
    'PATH_TRANSLATED' => 'E:/kevin/test/a/jx\\wwwroot'
    'PATH_INFO' => ''
    'SCRIPT_FILENAME' => 'E:/kevin/test/a/jx\\wwwroot/index.php'
    'FCGI_ROLE' => 'RESPONDER'
    'PHP_SELF' => '/index.php'
    'REQUEST_TIME_FLOAT' => 1541411706.665
    'REQUEST_TIME' => 1541411706
]
2018-11-05 17:55:30 [127.0.0.1][1][bfp5ehv91mptk81k0bv8oa1nb2][error][yii\base\ErrorException:2] exception 'yii\base\ErrorException' with message 'move_uploaded_file(./upload/news/201811051755309879.png): failed to open stream: No such file or directory' in E:\kevin\test\a\jx\wwwroot\vendor\yiisoft\yii2\web\UploadedFile.php:161
Stack trace:
#0 E:\kevin\test\a\jx\wwwroot\controllers\bemanage\BannerController.php(110): yii\web\UploadedFile->saveAs()
#1 E:\kevin\test\a\jx\wwwroot\vendor\yiisoft\yii2\base\InlineAction.php(55): app\controllers\bemanage\BannerController->actionCreate()
#2 E:\kevin\test\a\jx\wwwroot\vendor\yiisoft\yii2\base\InlineAction.php(55): ::call_user_func_array:{E:\kevin\test\a\jx\wwwroot\vendor\yiisoft\yii2\base\InlineAction.php:55}()
#3 E:\kevin\test\a\jx\wwwroot\vendor\yiisoft\yii2\base\Controller.php(154): yii\base\InlineAction->runWithParams()
#4 E:\kevin\test\a\jx\wwwroot\vendor\yiisoft\yii2\base\Module.php(454): yii\base\Controller->runAction()
#5 E:\kevin\test\a\jx\wwwroot\vendor\yiisoft\yii2\web\Application.php(87): yii\base\Module->runAction()
#6 E:\kevin\test\a\jx\wwwroot\vendor\yiisoft\yii2\base\Application.php(375): yii\web\Application->handleRequest()
#7 E:\kevin\test\a\jx\wwwroot\index.php(20): yii\base\Application->run()
#8 {main}
2018-11-05 17:55:28 [127.0.0.1][1][bfp5ehv91mptk81k0bv8oa1nb2][info][application] $_GET = [
    's' => '/bemanage/banner/create'
]

$_POST = [
    '_csrf' => 'ZHNodTV3MVcWOwAZYA0FISEnAxhCE2EGIR0MPnMPBy4cAjdYUx9ubw=='
    'Banner' => [
        'name' => '231'
        'imgUrl' => ''
        'desc' => '123'
        'url' => '123'
    ]
]

$_FILES = [
    'Banner' => [
        'name' => [
            'imgUrl' => 'flag.png'
        ]
        'type' => [
            'imgUrl' => 'image/png'
        ]
        'tmp_name' => [
            'imgUrl' => 'C:\\Windows\\Temp\\phpE7F8.tmp'
        ]
        'error' => [
            'imgUrl' => 0
        ]
        'size' => [
            'imgUrl' => 78832
        ]
    ]
]

$_COOKIE = [
    'PHPSESSID' => 'bfp5ehv91mptk81k0bv8oa1nb2'
    '_csrf' => 'd63154cfb6ddc4ec8e73a638bf6a7180665260f2ef415e7cc634b6943b38f062a:2:{i:0;s:5:\"_csrf\";i:1;s:32:\"rHhlUz4vETkmwdPQEndKFx6yxq_-fh_8\";}'
]

$_SESSION = [
    '__flash' => []
    '__id' => 1
]

$_SERVER = [
    'ALLUSERSPROFILE' => 'C:\\ProgramData'
    'APPDATA' => 'C:\\Windows\\system32\\config\\systemprofile\\AppData\\Roaming'
    'asl_log' => 'Destination=file'
    'CommonProgramFiles' => 'C:\\Program Files (x86)\\Common Files'
    'CommonProgramFiles(x86)' => 'C:\\Program Files (x86)\\Common Files'
    'CommonProgramW6432' => 'C:\\Program Files\\Common Files'
    'COMPUTERNAME' => 'PC-20170418EPGR'
    'ComSpec' => 'C:\\Windows\\system32\\cmd.exe'
    'FP_NO_HOST_CHECK' => 'NO'
    'LOCALAPPDATA' => 'C:\\Windows\\system32\\config\\systemprofile\\AppData\\Local'
    'NUMBER_OF_PROCESSORS' => '4'
    'OS' => 'Windows_NT'
    'Path' => 'C:\\Windows\\system32;C:\\Windows;C:\\Windows\\System32\\Wbem;C:\\Windows\\System32\\WindowsPowerShell\\v1.0\\;C:\\Program Files\\TortoiseSVN\\bin;C:\\Program Files\\Git\\cmd;D:\\phpStudy\\php\\php-5.6.27-nts;D:\\phpStudy\\redis-64bit;C:\\Users\\Administrator\\AppData\\Local\\Programs\\Python\\Python36;C:\\Users\\Administrator\\AppData\\Local\\Programs\\Python\\Python36\\Scripts;C:\\Program Files\\TortoiseGit\\bin;C:\\Program Files (x86)\\Tesseract-OCR;C:\\Program Files (x86)\\Microsoft SQL Server\\100\\Tools\\Binn\\;C:\\Program Files (x86)\\Microsoft SQL Server\\100\\DTS\\Binn\\;'
    'PATHEXT' => '.COM;.EXE;.BAT;.CMD;.VBS;.VBE;.JS;.JSE;.WSF;.WSH;.MSC'
    'PROCESSOR_ARCHITECTURE' => 'x86'
    'PROCESSOR_ARCHITEW6432' => 'AMD64'
    'PROCESSOR_IDENTIFIER' => 'Intel64 Family 6 Model 94 Stepping 3, GenuineIntel'
    'PROCESSOR_LEVEL' => '6'
    'PROCESSOR_REVISION' => '5e03'
    'ProgramData' => 'C:\\ProgramData'
    'ProgramFiles' => 'C:\\Program Files (x86)'
    'ProgramFiles(x86)' => 'C:\\Program Files (x86)'
    'ProgramW6432' => 'C:\\Program Files'
    'PSModulePath' => 'C:\\Windows\\system32\\WindowsPowerShell\\v1.0\\Modules\\'
    'PUBLIC' => 'C:\\Users\\Public'
    'SystemDrive' => 'C:'
    'SystemRoot' => 'C:\\Windows'
    'TEMP' => 'C:\\Windows\\TEMP'
    'TESSDATA_PREFIX' => 'C:\\Program Files (x86)\\Tesseract-OCR\\tessdata'
    'TMP' => 'C:\\Windows\\TEMP'
    'USERDOMAIN' => 'WORKGROUP'
    'USERNAME' => 'PC-20170418EPGR$'
    'USERPROFILE' => 'C:\\Windows\\system32\\config\\systemprofile'
    'VBOX_MSI_INSTALL_PATH' => 'C:\\Program Files\\Oracle\\VirtualBox\\'
    'windir' => 'C:\\Windows'
    'windows_tracing_flags' => '3'
    'windows_tracing_logfile' => 'C:\\BVTBin\\Tests\\installpackage\\csilogfile.log'
    '_DFX_INSTALL_UNSIGNED_DRIVER' => '1'
    'HTTP_CACHE_CONTROL' => 'no-cache'
    'HTTP_PRAGMA' => 'no-cache'
    'HTTP_UPGRADE_INSECURE_REQUESTS' => '1'
    'HTTP_COOKIE' => 'PHPSESSID=bfp5ehv91mptk81k0bv8oa1nb2; _csrf=d63154cfb6ddc4ec8e73a638bf6a7180665260f2ef415e7cc634b6943b38f062a%3A2%3A%7Bi%3A0%3Bs%3A5%3A%22_csrf%22%3Bi%3A1%3Bs%3A32%3A%22rHhlUz4vETkmwdPQEndKFx6yxq_-fh_8%22%3B%7D'
    'HTTP_CONNECTION' => 'keep-alive'
    'HTTP_DNT' => '1'
    'HTTP_CONTENT_LENGTH' => '79584'
    'HTTP_CONTENT_TYPE' => 'multipart/form-data; boundary=---------------------------239462976683'
    'HTTP_REFERER' => 'http://jx.com/bemanage/banner/create'
    'HTTP_ACCEPT_ENCODING' => 'gzip, deflate'
    'HTTP_ACCEPT_LANGUAGE' => 'zh-CN,zh;q=0.8,zh-TW;q=0.7,zh-HK;q=0.5,en-US;q=0.3,en;q=0.2'
    'HTTP_ACCEPT' => 'text/html,application/xhtml+xml,application/xml;q=0.9,*/*;q=0.8'
    'HTTP_USER_AGENT' => 'Mozilla/5.0 (Windows NT 6.1; Win64; x64; rv:63.0) Gecko/20100101 Firefox/63.0'
    'HTTP_HOST' => 'jx.com'
    'REDIRECT_STATUS' => '200'
    'SERVER_NAME' => 'jx.com'
    'SERVER_PORT' => '80'
    'SERVER_ADDR' => '127.0.0.1'
    'REMOTE_PORT' => '60929'
    'REMOTE_ADDR' => '127.0.0.1'
    'SERVER_SOFTWARE' => 'nginx/1.11.5'
    'GATEWAY_INTERFACE' => 'CGI/1.1'
    'SERVER_PROTOCOL' => 'HTTP/1.1'
    'DOCUMENT_ROOT' => 'E:/kevin/test/a/jx\\wwwroot'
    'DOCUMENT_URI' => '/index.php'
    'REQUEST_URI' => '/bemanage/banner/create'
    'SCRIPT_NAME' => '/index.php'
    'CONTENT_LENGTH' => '79584'
    'CONTENT_TYPE' => 'multipart/form-data; boundary=---------------------------239462976683'
    'UNTOUCHED_BODY' => ''
    'REQUEST_METHOD' => 'POST'
    'QUERY_STRING' => 's=/bemanage/banner/create'
    'PATH_TRANSLATED' => 'E:/kevin/test/a/jx\\wwwroot'
    'PATH_INFO' => ''
    'SCRIPT_FILENAME' => 'E:/kevin/test/a/jx\\wwwroot/index.php'
    'FCGI_ROLE' => 'RESPONDER'
    'PHP_SELF' => '/index.php'
    'REQUEST_TIME_FLOAT' => 1541411728.759
    'REQUEST_TIME' => 1541411728
]
2018-11-05 17:56:06 [127.0.0.1][1][bfp5ehv91mptk81k0bv8oa1nb2][error][yii\web\HttpException:404] exception 'yii\base\InvalidRouteException' with message 'Unable to resolve the request "upload/news/201811051755309879.png".' in E:\kevin\test\a\jx\wwwroot\vendor\yiisoft\yii2\base\Module.php:460
Stack trace:
#0 E:\kevin\test\a\jx\wwwroot\vendor\yiisoft\yii2\web\Application.php(87): yii\base\Module->runAction('upload/news/201...', Array)
#1 E:\kevin\test\a\jx\wwwroot\vendor\yiisoft\yii2\base\Application.php(375): yii\web\Application->handleRequest(Object(yii\web\Request))
#2 E:\kevin\test\a\jx\wwwroot\index.php(20): yii\base\Application->run()
#3 {main}

Next exception 'yii\web\NotFoundHttpException' with message 'Page not found.' in E:\kevin\test\a\jx\wwwroot\vendor\yiisoft\yii2\web\Application.php:99
Stack trace:
#0 E:\kevin\test\a\jx\wwwroot\vendor\yiisoft\yii2\base\Application.php(375): yii\web\Application->handleRequest(Object(yii\web\Request))
#1 E:\kevin\test\a\jx\wwwroot\index.php(20): yii\base\Application->run()
#2 {main}
2018-11-05 17:56:05 [127.0.0.1][1][bfp5ehv91mptk81k0bv8oa1nb2][info][application] $_GET = [
    's' => '/upload/news/201811051755309879.png'
]

$_COOKIE = [
    'PHPSESSID' => 'bfp5ehv91mptk81k0bv8oa1nb2'
    '_csrf' => 'd63154cfb6ddc4ec8e73a638bf6a7180665260f2ef415e7cc634b6943b38f062a:2:{i:0;s:5:\"_csrf\";i:1;s:32:\"rHhlUz4vETkmwdPQEndKFx6yxq_-fh_8\";}'
]

$_SESSION = [
    '__flash' => []
    '__id' => 1
]

$_SERVER = [
    'ALLUSERSPROFILE' => 'C:\\ProgramData'
    'APPDATA' => 'C:\\Windows\\system32\\config\\systemprofile\\AppData\\Roaming'
    'asl_log' => 'Destination=file'
    'CommonProgramFiles' => 'C:\\Program Files (x86)\\Common Files'
    'CommonProgramFiles(x86)' => 'C:\\Program Files (x86)\\Common Files'
    'CommonProgramW6432' => 'C:\\Program Files\\Common Files'
    'COMPUTERNAME' => 'PC-20170418EPGR'
    'ComSpec' => 'C:\\Windows\\system32\\cmd.exe'
    'FP_NO_HOST_CHECK' => 'NO'
    'LOCALAPPDATA' => 'C:\\Windows\\system32\\config\\systemprofile\\AppData\\Local'
    'NUMBER_OF_PROCESSORS' => '4'
    'OS' => 'Windows_NT'
    'Path' => 'C:\\Windows\\system32;C:\\Windows;C:\\Windows\\System32\\Wbem;C:\\Windows\\System32\\WindowsPowerShell\\v1.0\\;C:\\Program Files\\TortoiseSVN\\bin;C:\\Program Files\\Git\\cmd;D:\\phpStudy\\php\\php-5.6.27-nts;D:\\phpStudy\\redis-64bit;C:\\Users\\Administrator\\AppData\\Local\\Programs\\Python\\Python36;C:\\Users\\Administrator\\AppData\\Local\\Programs\\Python\\Python36\\Scripts;C:\\Program Files\\TortoiseGit\\bin;C:\\Program Files (x86)\\Tesseract-OCR;C:\\Program Files (x86)\\Microsoft SQL Server\\100\\Tools\\Binn\\;C:\\Program Files (x86)\\Microsoft SQL Server\\100\\DTS\\Binn\\;'
    'PATHEXT' => '.COM;.EXE;.BAT;.CMD;.VBS;.VBE;.JS;.JSE;.WSF;.WSH;.MSC'
    'PROCESSOR_ARCHITECTURE' => 'x86'
    'PROCESSOR_ARCHITEW6432' => 'AMD64'
    'PROCESSOR_IDENTIFIER' => 'Intel64 Family 6 Model 94 Stepping 3, GenuineIntel'
    'PROCESSOR_LEVEL' => '6'
    'PROCESSOR_REVISION' => '5e03'
    'ProgramData' => 'C:\\ProgramData'
    'ProgramFiles' => 'C:\\Program Files (x86)'
    'ProgramFiles(x86)' => 'C:\\Program Files (x86)'
    'ProgramW6432' => 'C:\\Program Files'
    'PSModulePath' => 'C:\\Windows\\system32\\WindowsPowerShell\\v1.0\\Modules\\'
    'PUBLIC' => 'C:\\Users\\Public'
    'SystemDrive' => 'C:'
    'SystemRoot' => 'C:\\Windows'
    'TEMP' => 'C:\\Windows\\TEMP'
    'TESSDATA_PREFIX' => 'C:\\Program Files (x86)\\Tesseract-OCR\\tessdata'
    'TMP' => 'C:\\Windows\\TEMP'
    'USERDOMAIN' => 'WORKGROUP'
    'USERNAME' => 'PC-20170418EPGR$'
    'USERPROFILE' => 'C:\\Windows\\system32\\config\\systemprofile'
    'VBOX_MSI_INSTALL_PATH' => 'C:\\Program Files\\Oracle\\VirtualBox\\'
    'windir' => 'C:\\Windows'
    'windows_tracing_flags' => '3'
    'windows_tracing_logfile' => 'C:\\BVTBin\\Tests\\installpackage\\csilogfile.log'
    '_DFX_INSTALL_UNSIGNED_DRIVER' => '1'
    'HTTP_CACHE_CONTROL' => 'no-cache'
    'HTTP_PRAGMA' => 'no-cache'
    'HTTP_COOKIE' => 'PHPSESSID=bfp5ehv91mptk81k0bv8oa1nb2; _csrf=d63154cfb6ddc4ec8e73a638bf6a7180665260f2ef415e7cc634b6943b38f062a%3A2%3A%7Bi%3A0%3Bs%3A5%3A%22_csrf%22%3Bi%3A1%3Bs%3A32%3A%22rHhlUz4vETkmwdPQEndKFx6yxq_-fh_8%22%3B%7D'
    'HTTP_CONNECTION' => 'keep-alive'
    'HTTP_DNT' => '1'
    'HTTP_REFERER' => 'http://jx.com/bemanage/banner/index'
    'HTTP_ACCEPT_ENCODING' => 'gzip, deflate'
    'HTTP_ACCEPT_LANGUAGE' => 'zh-CN,zh;q=0.8,zh-TW;q=0.7,zh-HK;q=0.5,en-US;q=0.3,en;q=0.2'
    'HTTP_ACCEPT' => '*/*'
    'HTTP_USER_AGENT' => 'Mozilla/5.0 (Windows NT 6.1; Win64; x64; rv:63.0) Gecko/20100101 Firefox/63.0'
    'HTTP_HOST' => 'jx.com'
    'REDIRECT_STATUS' => '200'
    'SERVER_NAME' => 'jx.com'
    'SERVER_PORT' => '80'
    'SERVER_ADDR' => '127.0.0.1'
    'REMOTE_PORT' => '61166'
    'REMOTE_ADDR' => '127.0.0.1'
    'SERVER_SOFTWARE' => 'nginx/1.11.5'
    'GATEWAY_INTERFACE' => 'CGI/1.1'
    'SERVER_PROTOCOL' => 'HTTP/1.1'
    'DOCUMENT_ROOT' => 'E:/kevin/test/a/jx\\wwwroot'
    'DOCUMENT_URI' => '/index.php'
    'REQUEST_URI' => '/upload/news/201811051755309879.png'
    'SCRIPT_NAME' => '/index.php'
    'CONTENT_LENGTH' => ''
    'CONTENT_TYPE' => ''
    'UNTOUCHED_BODY' => ''
    'REQUEST_METHOD' => 'GET'
    'QUERY_STRING' => 's=/upload/news/201811051755309879.png'
    'PATH_TRANSLATED' => 'E:/kevin/test/a/jx\\wwwroot'
    'PATH_INFO' => ''
    'SCRIPT_FILENAME' => 'E:/kevin/test/a/jx\\wwwroot/index.php'
    'FCGI_ROLE' => 'RESPONDER'
    'PHP_SELF' => '/index.php'
    'REQUEST_TIME_FLOAT' => 1541411765.676
    'REQUEST_TIME' => 1541411765
]
2018-11-05 17:56:07 [127.0.0.1][1][bfp5ehv91mptk81k0bv8oa1nb2][error][yii\web\HttpException:404] exception 'yii\base\InvalidRouteException' with message 'Unable to resolve the request "upload/news/201811051755076435.png".' in E:\kevin\test\a\jx\wwwroot\vendor\yiisoft\yii2\base\Module.php:460
Stack trace:
#0 E:\kevin\test\a\jx\wwwroot\vendor\yiisoft\yii2\web\Application.php(87): yii\base\Module->runAction('upload/news/201...', Array)
#1 E:\kevin\test\a\jx\wwwroot\vendor\yiisoft\yii2\base\Application.php(375): yii\web\Application->handleRequest(Object(yii\web\Request))
#2 E:\kevin\test\a\jx\wwwroot\index.php(20): yii\base\Application->run()
#3 {main}

Next exception 'yii\web\NotFoundHttpException' with message 'Page not found.' in E:\kevin\test\a\jx\wwwroot\vendor\yiisoft\yii2\web\Application.php:99
Stack trace:
#0 E:\kevin\test\a\jx\wwwroot\vendor\yiisoft\yii2\base\Application.php(375): yii\web\Application->handleRequest(Object(yii\web\Request))
#1 E:\kevin\test\a\jx\wwwroot\index.php(20): yii\base\Application->run()
#2 {main}
2018-11-05 17:56:07 [127.0.0.1][1][bfp5ehv91mptk81k0bv8oa1nb2][info][application] $_GET = [
    's' => '/upload/news/201811051755076435.png'
]

$_COOKIE = [
    'PHPSESSID' => 'bfp5ehv91mptk81k0bv8oa1nb2'
    '_csrf' => 'd63154cfb6ddc4ec8e73a638bf6a7180665260f2ef415e7cc634b6943b38f062a:2:{i:0;s:5:\"_csrf\";i:1;s:32:\"rHhlUz4vETkmwdPQEndKFx6yxq_-fh_8\";}'
]

$_SESSION = [
    '__flash' => []
    '__id' => 1
]

$_SERVER = [
    'ALLUSERSPROFILE' => 'C:\\ProgramData'
    'APPDATA' => 'C:\\Windows\\system32\\config\\systemprofile\\AppData\\Roaming'
    'asl_log' => 'Destination=file'
    'CommonProgramFiles' => 'C:\\Program Files (x86)\\Common Files'
    'CommonProgramFiles(x86)' => 'C:\\Program Files (x86)\\Common Files'
    'CommonProgramW6432' => 'C:\\Program Files\\Common Files'
    'COMPUTERNAME' => 'PC-20170418EPGR'
    'ComSpec' => 'C:\\Windows\\system32\\cmd.exe'
    'FP_NO_HOST_CHECK' => 'NO'
    'LOCALAPPDATA' => 'C:\\Windows\\system32\\config\\systemprofile\\AppData\\Local'
    'NUMBER_OF_PROCESSORS' => '4'
    'OS' => 'Windows_NT'
    'Path' => 'C:\\Windows\\system32;C:\\Windows;C:\\Windows\\System32\\Wbem;C:\\Windows\\System32\\WindowsPowerShell\\v1.0\\;C:\\Program Files\\TortoiseSVN\\bin;C:\\Program Files\\Git\\cmd;D:\\phpStudy\\php\\php-5.6.27-nts;D:\\phpStudy\\redis-64bit;C:\\Users\\Administrator\\AppData\\Local\\Programs\\Python\\Python36;C:\\Users\\Administrator\\AppData\\Local\\Programs\\Python\\Python36\\Scripts;C:\\Program Files\\TortoiseGit\\bin;C:\\Program Files (x86)\\Tesseract-OCR;C:\\Program Files (x86)\\Microsoft SQL Server\\100\\Tools\\Binn\\;C:\\Program Files (x86)\\Microsoft SQL Server\\100\\DTS\\Binn\\;'
    'PATHEXT' => '.COM;.EXE;.BAT;.CMD;.VBS;.VBE;.JS;.JSE;.WSF;.WSH;.MSC'
    'PROCESSOR_ARCHITECTURE' => 'x86'
    'PROCESSOR_ARCHITEW6432' => 'AMD64'
    'PROCESSOR_IDENTIFIER' => 'Intel64 Family 6 Model 94 Stepping 3, GenuineIntel'
    'PROCESSOR_LEVEL' => '6'
    'PROCESSOR_REVISION' => '5e03'
    'ProgramData' => 'C:\\ProgramData'
    'ProgramFiles' => 'C:\\Program Files (x86)'
    'ProgramFiles(x86)' => 'C:\\Program Files (x86)'
    'ProgramW6432' => 'C:\\Program Files'
    'PSModulePath' => 'C:\\Windows\\system32\\WindowsPowerShell\\v1.0\\Modules\\'
    'PUBLIC' => 'C:\\Users\\Public'
    'SystemDrive' => 'C:'
    'SystemRoot' => 'C:\\Windows'
    'TEMP' => 'C:\\Windows\\TEMP'
    'TESSDATA_PREFIX' => 'C:\\Program Files (x86)\\Tesseract-OCR\\tessdata'
    'TMP' => 'C:\\Windows\\TEMP'
    'USERDOMAIN' => 'WORKGROUP'
    'USERNAME' => 'PC-20170418EPGR$'
    'USERPROFILE' => 'C:\\Windows\\system32\\config\\systemprofile'
    'VBOX_MSI_INSTALL_PATH' => 'C:\\Program Files\\Oracle\\VirtualBox\\'
    'windir' => 'C:\\Windows'
    'windows_tracing_flags' => '3'
    'windows_tracing_logfile' => 'C:\\BVTBin\\Tests\\installpackage\\csilogfile.log'
    '_DFX_INSTALL_UNSIGNED_DRIVER' => '1'
    'HTTP_CACHE_CONTROL' => 'no-cache'
    'HTTP_PRAGMA' => 'no-cache'
    'HTTP_COOKIE' => 'PHPSESSID=bfp5ehv91mptk81k0bv8oa1nb2; _csrf=d63154cfb6ddc4ec8e73a638bf6a7180665260f2ef415e7cc634b6943b38f062a%3A2%3A%7Bi%3A0%3Bs%3A5%3A%22_csrf%22%3Bi%3A1%3Bs%3A32%3A%22rHhlUz4vETkmwdPQEndKFx6yxq_-fh_8%22%3B%7D'
    'HTTP_CONNECTION' => 'keep-alive'
    'HTTP_DNT' => '1'
    'HTTP_REFERER' => 'http://jx.com/bemanage/banner/index'
    'HTTP_ACCEPT_ENCODING' => 'gzip, deflate'
    'HTTP_ACCEPT_LANGUAGE' => 'zh-CN,zh;q=0.8,zh-TW;q=0.7,zh-HK;q=0.5,en-US;q=0.3,en;q=0.2'
    'HTTP_ACCEPT' => '*/*'
    'HTTP_USER_AGENT' => 'Mozilla/5.0 (Windows NT 6.1; Win64; x64; rv:63.0) Gecko/20100101 Firefox/63.0'
    'HTTP_HOST' => 'jx.com'
    'REDIRECT_STATUS' => '200'
    'SERVER_NAME' => 'jx.com'
    'SERVER_PORT' => '80'
    'SERVER_ADDR' => '127.0.0.1'
    'REMOTE_PORT' => '61169'
    'REMOTE_ADDR' => '127.0.0.1'
    'SERVER_SOFTWARE' => 'nginx/1.11.5'
    'GATEWAY_INTERFACE' => 'CGI/1.1'
    'SERVER_PROTOCOL' => 'HTTP/1.1'
    'DOCUMENT_ROOT' => 'E:/kevin/test/a/jx\\wwwroot'
    'DOCUMENT_URI' => '/index.php'
    'REQUEST_URI' => '/upload/news/201811051755076435.png'
    'SCRIPT_NAME' => '/index.php'
    'CONTENT_LENGTH' => ''
    'CONTENT_TYPE' => ''
    'UNTOUCHED_BODY' => ''
    'REQUEST_METHOD' => 'GET'
    'QUERY_STRING' => 's=/upload/news/201811051755076435.png'
    'PATH_TRANSLATED' => 'E:/kevin/test/a/jx\\wwwroot'
    'PATH_INFO' => ''
    'SCRIPT_FILENAME' => 'E:/kevin/test/a/jx\\wwwroot/index.php'
    'FCGI_ROLE' => 'RESPONDER'
    'PHP_SELF' => '/index.php'
    'REQUEST_TIME_FLOAT' => 1541411767.193
    'REQUEST_TIME' => 1541411767
]
2018-11-05 17:56:15 [127.0.0.1][1][bfp5ehv91mptk81k0bv8oa1nb2][error][yii\web\HttpException:404] exception 'yii\base\InvalidRouteException' with message 'Unable to resolve the request "upload/news/201811051755309879.png".' in E:\kevin\test\a\jx\wwwroot\vendor\yiisoft\yii2\base\Module.php:460
Stack trace:
#0 E:\kevin\test\a\jx\wwwroot\vendor\yiisoft\yii2\web\Application.php(87): yii\base\Module->runAction('upload/news/201...', Array)
#1 E:\kevin\test\a\jx\wwwroot\vendor\yiisoft\yii2\base\Application.php(375): yii\web\Application->handleRequest(Object(yii\web\Request))
#2 E:\kevin\test\a\jx\wwwroot\index.php(20): yii\base\Application->run()
#3 {main}

Next exception 'yii\web\NotFoundHttpException' with message 'Page not found.' in E:\kevin\test\a\jx\wwwroot\vendor\yiisoft\yii2\web\Application.php:99
Stack trace:
#0 E:\kevin\test\a\jx\wwwroot\vendor\yiisoft\yii2\base\Application.php(375): yii\web\Application->handleRequest(Object(yii\web\Request))
#1 E:\kevin\test\a\jx\wwwroot\index.php(20): yii\base\Application->run()
#2 {main}
2018-11-05 17:56:15 [127.0.0.1][1][bfp5ehv91mptk81k0bv8oa1nb2][info][application] $_GET = [
    's' => '/upload/news/201811051755309879.png'
]

$_COOKIE = [
    'PHPSESSID' => 'bfp5ehv91mptk81k0bv8oa1nb2'
    '_csrf' => 'd63154cfb6ddc4ec8e73a638bf6a7180665260f2ef415e7cc634b6943b38f062a:2:{i:0;s:5:\"_csrf\";i:1;s:32:\"rHhlUz4vETkmwdPQEndKFx6yxq_-fh_8\";}'
]

$_SESSION = [
    '__flash' => []
    '__id' => 1
]

$_SERVER = [
    'ALLUSERSPROFILE' => 'C:\\ProgramData'
    'APPDATA' => 'C:\\Windows\\system32\\config\\systemprofile\\AppData\\Roaming'
    'asl_log' => 'Destination=file'
    'CommonProgramFiles' => 'C:\\Program Files (x86)\\Common Files'
    'CommonProgramFiles(x86)' => 'C:\\Program Files (x86)\\Common Files'
    'CommonProgramW6432' => 'C:\\Program Files\\Common Files'
    'COMPUTERNAME' => 'PC-20170418EPGR'
    'ComSpec' => 'C:\\Windows\\system32\\cmd.exe'
    'FP_NO_HOST_CHECK' => 'NO'
    'LOCALAPPDATA' => 'C:\\Windows\\system32\\config\\systemprofile\\AppData\\Local'
    'NUMBER_OF_PROCESSORS' => '4'
    'OS' => 'Windows_NT'
    'Path' => 'C:\\Windows\\system32;C:\\Windows;C:\\Windows\\System32\\Wbem;C:\\Windows\\System32\\WindowsPowerShell\\v1.0\\;C:\\Program Files\\TortoiseSVN\\bin;C:\\Program Files\\Git\\cmd;D:\\phpStudy\\php\\php-5.6.27-nts;D:\\phpStudy\\redis-64bit;C:\\Users\\Administrator\\AppData\\Local\\Programs\\Python\\Python36;C:\\Users\\Administrator\\AppData\\Local\\Programs\\Python\\Python36\\Scripts;C:\\Program Files\\TortoiseGit\\bin;C:\\Program Files (x86)\\Tesseract-OCR;C:\\Program Files (x86)\\Microsoft SQL Server\\100\\Tools\\Binn\\;C:\\Program Files (x86)\\Microsoft SQL Server\\100\\DTS\\Binn\\;'
    'PATHEXT' => '.COM;.EXE;.BAT;.CMD;.VBS;.VBE;.JS;.JSE;.WSF;.WSH;.MSC'
    'PROCESSOR_ARCHITECTURE' => 'x86'
    'PROCESSOR_ARCHITEW6432' => 'AMD64'
    'PROCESSOR_IDENTIFIER' => 'Intel64 Family 6 Model 94 Stepping 3, GenuineIntel'
    'PROCESSOR_LEVEL' => '6'
    'PROCESSOR_REVISION' => '5e03'
    'ProgramData' => 'C:\\ProgramData'
    'ProgramFiles' => 'C:\\Program Files (x86)'
    'ProgramFiles(x86)' => 'C:\\Program Files (x86)'
    'ProgramW6432' => 'C:\\Program Files'
    'PSModulePath' => 'C:\\Windows\\system32\\WindowsPowerShell\\v1.0\\Modules\\'
    'PUBLIC' => 'C:\\Users\\Public'
    'SystemDrive' => 'C:'
    'SystemRoot' => 'C:\\Windows'
    'TEMP' => 'C:\\Windows\\TEMP'
    'TESSDATA_PREFIX' => 'C:\\Program Files (x86)\\Tesseract-OCR\\tessdata'
    'TMP' => 'C:\\Windows\\TEMP'
    'USERDOMAIN' => 'WORKGROUP'
    'USERNAME' => 'PC-20170418EPGR$'
    'USERPROFILE' => 'C:\\Windows\\system32\\config\\systemprofile'
    'VBOX_MSI_INSTALL_PATH' => 'C:\\Program Files\\Oracle\\VirtualBox\\'
    'windir' => 'C:\\Windows'
    'windows_tracing_flags' => '3'
    'windows_tracing_logfile' => 'C:\\BVTBin\\Tests\\installpackage\\csilogfile.log'
    '_DFX_INSTALL_UNSIGNED_DRIVER' => '1'
    'HTTP_CACHE_CONTROL' => 'no-cache'
    'HTTP_PRAGMA' => 'no-cache'
    'HTTP_COOKIE' => 'PHPSESSID=bfp5ehv91mptk81k0bv8oa1nb2; _csrf=d63154cfb6ddc4ec8e73a638bf6a7180665260f2ef415e7cc634b6943b38f062a%3A2%3A%7Bi%3A0%3Bs%3A5%3A%22_csrf%22%3Bi%3A1%3Bs%3A32%3A%22rHhlUz4vETkmwdPQEndKFx6yxq_-fh_8%22%3B%7D'
    'HTTP_CONNECTION' => 'keep-alive'
    'HTTP_DNT' => '1'
    'HTTP_REFERER' => 'http://jx.com/bemanage/banner/index'
    'HTTP_ACCEPT_ENCODING' => 'gzip, deflate'
    'HTTP_ACCEPT_LANGUAGE' => 'zh-CN,zh;q=0.8,zh-TW;q=0.7,zh-HK;q=0.5,en-US;q=0.3,en;q=0.2'
    'HTTP_ACCEPT' => '*/*'
    'HTTP_USER_AGENT' => 'Mozilla/5.0 (Windows NT 6.1; Win64; x64; rv:63.0) Gecko/20100101 Firefox/63.0'
    'HTTP_HOST' => 'jx.com'
    'REDIRECT_STATUS' => '200'
    'SERVER_NAME' => 'jx.com'
    'SERVER_PORT' => '80'
    'SERVER_ADDR' => '127.0.0.1'
    'REMOTE_PORT' => '61173'
    'REMOTE_ADDR' => '127.0.0.1'
    'SERVER_SOFTWARE' => 'nginx/1.11.5'
    'GATEWAY_INTERFACE' => 'CGI/1.1'
    'SERVER_PROTOCOL' => 'HTTP/1.1'
    'DOCUMENT_ROOT' => 'E:/kevin/test/a/jx\\wwwroot'
    'DOCUMENT_URI' => '/index.php'
    'REQUEST_URI' => '/upload/news/201811051755309879.png'
    'SCRIPT_NAME' => '/index.php'
    'CONTENT_LENGTH' => ''
    'CONTENT_TYPE' => ''
    'UNTOUCHED_BODY' => ''
    'REQUEST_METHOD' => 'GET'
    'QUERY_STRING' => 's=/upload/news/201811051755309879.png'
    'PATH_TRANSLATED' => 'E:/kevin/test/a/jx\\wwwroot'
    'PATH_INFO' => ''
    'SCRIPT_FILENAME' => 'E:/kevin/test/a/jx\\wwwroot/index.php'
    'FCGI_ROLE' => 'RESPONDER'
    'PHP_SELF' => '/index.php'
    'REQUEST_TIME_FLOAT' => 1541411774.988
    'REQUEST_TIME' => 1541411774
]
2018-11-05 18:01:02 [127.0.0.1][1][bfp5ehv91mptk81k0bv8oa1nb2][error][yii\base\ErrorException:2] exception 'yii\base\ErrorException' with message 'move_uploaded_file(./upload/banner/201811051801028314.png): failed to open stream: No such file or directory' in E:\kevin\test\a\jx\wwwroot\vendor\yiisoft\yii2\web\UploadedFile.php:161
Stack trace:
#0 E:\kevin\test\a\jx\wwwroot\controllers\bemanage\BannerController.php(110): yii\web\UploadedFile->saveAs()
#1 E:\kevin\test\a\jx\wwwroot\vendor\yiisoft\yii2\base\InlineAction.php(55): app\controllers\bemanage\BannerController->actionCreate()
#2 E:\kevin\test\a\jx\wwwroot\vendor\yiisoft\yii2\base\InlineAction.php(55): ::call_user_func_array:{E:\kevin\test\a\jx\wwwroot\vendor\yiisoft\yii2\base\InlineAction.php:55}()
#3 E:\kevin\test\a\jx\wwwroot\vendor\yiisoft\yii2\base\Controller.php(154): yii\base\InlineAction->runWithParams()
#4 E:\kevin\test\a\jx\wwwroot\vendor\yiisoft\yii2\base\Module.php(454): yii\base\Controller->runAction()
#5 E:\kevin\test\a\jx\wwwroot\vendor\yiisoft\yii2\web\Application.php(87): yii\base\Module->runAction()
#6 E:\kevin\test\a\jx\wwwroot\vendor\yiisoft\yii2\base\Application.php(375): yii\web\Application->handleRequest()
#7 E:\kevin\test\a\jx\wwwroot\index.php(20): yii\base\Application->run()
#8 {main}
2018-11-05 18:01:00 [127.0.0.1][1][bfp5ehv91mptk81k0bv8oa1nb2][info][application] $_GET = [
    's' => '/bemanage/banner/create'
]

$_POST = [
    '_csrf' => 'eHp4Ri1OMVAKMhAqeDQFJj0uEytaKmEBPRQcDWs2BykACydrSyZuaA=='
    'Banner' => [
        'name' => 'qewr'
        'imgUrl' => ''
        'desc' => 'qwer'
        'url' => 'qewr'
    ]
]

$_FILES = [
    'Banner' => [
        'name' => [
            'imgUrl' => 'flag.png'
        ]
        'type' => [
            'imgUrl' => 'image/png'
        ]
        'tmp_name' => [
            'imgUrl' => 'C:\\Windows\\Temp\\phpF8CC.tmp'
        ]
        'error' => [
            'imgUrl' => 0
        ]
        'size' => [
            'imgUrl' => 78832
        ]
    ]
]

$_COOKIE = [
    'PHPSESSID' => 'bfp5ehv91mptk81k0bv8oa1nb2'
    '_csrf' => 'd63154cfb6ddc4ec8e73a638bf6a7180665260f2ef415e7cc634b6943b38f062a:2:{i:0;s:5:\"_csrf\";i:1;s:32:\"rHhlUz4vETkmwdPQEndKFx6yxq_-fh_8\";}'
]

$_SESSION = [
    '__flash' => []
    '__id' => 1
]

$_SERVER = [
    'ALLUSERSPROFILE' => 'C:\\ProgramData'
    'APPDATA' => 'C:\\Windows\\system32\\config\\systemprofile\\AppData\\Roaming'
    'asl_log' => 'Destination=file'
    'CommonProgramFiles' => 'C:\\Program Files (x86)\\Common Files'
    'CommonProgramFiles(x86)' => 'C:\\Program Files (x86)\\Common Files'
    'CommonProgramW6432' => 'C:\\Program Files\\Common Files'
    'COMPUTERNAME' => 'PC-20170418EPGR'
    'ComSpec' => 'C:\\Windows\\system32\\cmd.exe'
    'FP_NO_HOST_CHECK' => 'NO'
    'LOCALAPPDATA' => 'C:\\Windows\\system32\\config\\systemprofile\\AppData\\Local'
    'NUMBER_OF_PROCESSORS' => '4'
    'OS' => 'Windows_NT'
    'Path' => 'C:\\Windows\\system32;C:\\Windows;C:\\Windows\\System32\\Wbem;C:\\Windows\\System32\\WindowsPowerShell\\v1.0\\;C:\\Program Files\\TortoiseSVN\\bin;C:\\Program Files\\Git\\cmd;D:\\phpStudy\\php\\php-5.6.27-nts;D:\\phpStudy\\redis-64bit;C:\\Users\\Administrator\\AppData\\Local\\Programs\\Python\\Python36;C:\\Users\\Administrator\\AppData\\Local\\Programs\\Python\\Python36\\Scripts;C:\\Program Files\\TortoiseGit\\bin;C:\\Program Files (x86)\\Tesseract-OCR;C:\\Program Files (x86)\\Microsoft SQL Server\\100\\Tools\\Binn\\;C:\\Program Files (x86)\\Microsoft SQL Server\\100\\DTS\\Binn\\;'
    'PATHEXT' => '.COM;.EXE;.BAT;.CMD;.VBS;.VBE;.JS;.JSE;.WSF;.WSH;.MSC'
    'PROCESSOR_ARCHITECTURE' => 'x86'
    'PROCESSOR_ARCHITEW6432' => 'AMD64'
    'PROCESSOR_IDENTIFIER' => 'Intel64 Family 6 Model 94 Stepping 3, GenuineIntel'
    'PROCESSOR_LEVEL' => '6'
    'PROCESSOR_REVISION' => '5e03'
    'ProgramData' => 'C:\\ProgramData'
    'ProgramFiles' => 'C:\\Program Files (x86)'
    'ProgramFiles(x86)' => 'C:\\Program Files (x86)'
    'ProgramW6432' => 'C:\\Program Files'
    'PSModulePath' => 'C:\\Windows\\system32\\WindowsPowerShell\\v1.0\\Modules\\'
    'PUBLIC' => 'C:\\Users\\Public'
    'SystemDrive' => 'C:'
    'SystemRoot' => 'C:\\Windows'
    'TEMP' => 'C:\\Windows\\TEMP'
    'TESSDATA_PREFIX' => 'C:\\Program Files (x86)\\Tesseract-OCR\\tessdata'
    'TMP' => 'C:\\Windows\\TEMP'
    'USERDOMAIN' => 'WORKGROUP'
    'USERNAME' => 'PC-20170418EPGR$'
    'USERPROFILE' => 'C:\\Windows\\system32\\config\\systemprofile'
    'VBOX_MSI_INSTALL_PATH' => 'C:\\Program Files\\Oracle\\VirtualBox\\'
    'windir' => 'C:\\Windows'
    'windows_tracing_flags' => '3'
    'windows_tracing_logfile' => 'C:\\BVTBin\\Tests\\installpackage\\csilogfile.log'
    '_DFX_INSTALL_UNSIGNED_DRIVER' => '1'
    'HTTP_CACHE_CONTROL' => 'no-cache'
    'HTTP_PRAGMA' => 'no-cache'
    'HTTP_UPGRADE_INSECURE_REQUESTS' => '1'
    'HTTP_COOKIE' => 'PHPSESSID=bfp5ehv91mptk81k0bv8oa1nb2; _csrf=d63154cfb6ddc4ec8e73a638bf6a7180665260f2ef415e7cc634b6943b38f062a%3A2%3A%7Bi%3A0%3Bs%3A5%3A%22_csrf%22%3Bi%3A1%3Bs%3A32%3A%22rHhlUz4vETkmwdPQEndKFx6yxq_-fh_8%22%3B%7D'
    'HTTP_CONNECTION' => 'keep-alive'
    'HTTP_DNT' => '1'
    'HTTP_CONTENT_LENGTH' => '79608'
    'HTTP_CONTENT_TYPE' => 'multipart/form-data; boundary=---------------------------323922135124197'
    'HTTP_REFERER' => 'http://jx.com/bemanage/banner/create'
    'HTTP_ACCEPT_ENCODING' => 'gzip, deflate'
    'HTTP_ACCEPT_LANGUAGE' => 'zh-CN,zh;q=0.8,zh-TW;q=0.7,zh-HK;q=0.5,en-US;q=0.3,en;q=0.2'
    'HTTP_ACCEPT' => 'text/html,application/xhtml+xml,application/xml;q=0.9,*/*;q=0.8'
    'HTTP_USER_AGENT' => 'Mozilla/5.0 (Windows NT 6.1; Win64; x64; rv:63.0) Gecko/20100101 Firefox/63.0'
    'HTTP_HOST' => 'jx.com'
    'REDIRECT_STATUS' => '200'
    'SERVER_NAME' => 'jx.com'
    'SERVER_PORT' => '80'
    'SERVER_ADDR' => '127.0.0.1'
    'REMOTE_PORT' => '61824'
    'REMOTE_ADDR' => '127.0.0.1'
    'SERVER_SOFTWARE' => 'nginx/1.11.5'
    'GATEWAY_INTERFACE' => 'CGI/1.1'
    'SERVER_PROTOCOL' => 'HTTP/1.1'
    'DOCUMENT_ROOT' => 'E:/kevin/test/a/jx\\wwwroot'
    'DOCUMENT_URI' => '/index.php'
    'REQUEST_URI' => '/bemanage/banner/create'
    'SCRIPT_NAME' => '/index.php'
    'CONTENT_LENGTH' => '79608'
    'CONTENT_TYPE' => 'multipart/form-data; boundary=---------------------------323922135124197'
    'UNTOUCHED_BODY' => ''
    'REQUEST_METHOD' => 'POST'
    'QUERY_STRING' => 's=/bemanage/banner/create'
    'PATH_TRANSLATED' => 'E:/kevin/test/a/jx\\wwwroot'
    'PATH_INFO' => ''
    'SCRIPT_FILENAME' => 'E:/kevin/test/a/jx\\wwwroot/index.php'
    'FCGI_ROLE' => 'RESPONDER'
    'PHP_SELF' => '/index.php'
    'REQUEST_TIME_FLOAT' => 1541412060.752
    'REQUEST_TIME' => 1541412060
]
2018-11-05 18:01:23 [127.0.0.1][1][bfp5ehv91mptk81k0bv8oa1nb2][error][yii\web\HttpException:404] exception 'yii\base\InvalidRouteException' with message 'Unable to resolve the request "upload/banner/201811051801028314.png".' in E:\kevin\test\a\jx\wwwroot\vendor\yiisoft\yii2\base\Module.php:460
Stack trace:
#0 E:\kevin\test\a\jx\wwwroot\vendor\yiisoft\yii2\web\Application.php(87): yii\base\Module->runAction('upload/banner/2...', Array)
#1 E:\kevin\test\a\jx\wwwroot\vendor\yiisoft\yii2\base\Application.php(375): yii\web\Application->handleRequest(Object(yii\web\Request))
#2 E:\kevin\test\a\jx\wwwroot\index.php(20): yii\base\Application->run()
#3 {main}

Next exception 'yii\web\NotFoundHttpException' with message 'Page not found.' in E:\kevin\test\a\jx\wwwroot\vendor\yiisoft\yii2\web\Application.php:99
Stack trace:
#0 E:\kevin\test\a\jx\wwwroot\vendor\yiisoft\yii2\base\Application.php(375): yii\web\Application->handleRequest(Object(yii\web\Request))
#1 E:\kevin\test\a\jx\wwwroot\index.php(20): yii\base\Application->run()
#2 {main}
2018-11-05 18:01:23 [127.0.0.1][1][bfp5ehv91mptk81k0bv8oa1nb2][info][application] $_GET = [
    's' => '/upload/banner/201811051801028314.png'
]

$_COOKIE = [
    'PHPSESSID' => 'bfp5ehv91mptk81k0bv8oa1nb2'
    '_csrf' => 'd63154cfb6ddc4ec8e73a638bf6a7180665260f2ef415e7cc634b6943b38f062a:2:{i:0;s:5:\"_csrf\";i:1;s:32:\"rHhlUz4vETkmwdPQEndKFx6yxq_-fh_8\";}'
]

$_SESSION = [
    '__flash' => []
    '__id' => 1
]

$_SERVER = [
    'ALLUSERSPROFILE' => 'C:\\ProgramData'
    'APPDATA' => 'C:\\Windows\\system32\\config\\systemprofile\\AppData\\Roaming'
    'asl_log' => 'Destination=file'
    'CommonProgramFiles' => 'C:\\Program Files (x86)\\Common Files'
    'CommonProgramFiles(x86)' => 'C:\\Program Files (x86)\\Common Files'
    'CommonProgramW6432' => 'C:\\Program Files\\Common Files'
    'COMPUTERNAME' => 'PC-20170418EPGR'
    'ComSpec' => 'C:\\Windows\\system32\\cmd.exe'
    'FP_NO_HOST_CHECK' => 'NO'
    'LOCALAPPDATA' => 'C:\\Windows\\system32\\config\\systemprofile\\AppData\\Local'
    'NUMBER_OF_PROCESSORS' => '4'
    'OS' => 'Windows_NT'
    'Path' => 'C:\\Windows\\system32;C:\\Windows;C:\\Windows\\System32\\Wbem;C:\\Windows\\System32\\WindowsPowerShell\\v1.0\\;C:\\Program Files\\TortoiseSVN\\bin;C:\\Program Files\\Git\\cmd;D:\\phpStudy\\php\\php-5.6.27-nts;D:\\phpStudy\\redis-64bit;C:\\Users\\Administrator\\AppData\\Local\\Programs\\Python\\Python36;C:\\Users\\Administrator\\AppData\\Local\\Programs\\Python\\Python36\\Scripts;C:\\Program Files\\TortoiseGit\\bin;C:\\Program Files (x86)\\Tesseract-OCR;C:\\Program Files (x86)\\Microsoft SQL Server\\100\\Tools\\Binn\\;C:\\Program Files (x86)\\Microsoft SQL Server\\100\\DTS\\Binn\\;'
    'PATHEXT' => '.COM;.EXE;.BAT;.CMD;.VBS;.VBE;.JS;.JSE;.WSF;.WSH;.MSC'
    'PROCESSOR_ARCHITECTURE' => 'x86'
    'PROCESSOR_ARCHITEW6432' => 'AMD64'
    'PROCESSOR_IDENTIFIER' => 'Intel64 Family 6 Model 94 Stepping 3, GenuineIntel'
    'PROCESSOR_LEVEL' => '6'
    'PROCESSOR_REVISION' => '5e03'
    'ProgramData' => 'C:\\ProgramData'
    'ProgramFiles' => 'C:\\Program Files (x86)'
    'ProgramFiles(x86)' => 'C:\\Program Files (x86)'
    'ProgramW6432' => 'C:\\Program Files'
    'PSModulePath' => 'C:\\Windows\\system32\\WindowsPowerShell\\v1.0\\Modules\\'
    'PUBLIC' => 'C:\\Users\\Public'
    'SystemDrive' => 'C:'
    'SystemRoot' => 'C:\\Windows'
    'TEMP' => 'C:\\Windows\\TEMP'
    'TESSDATA_PREFIX' => 'C:\\Program Files (x86)\\Tesseract-OCR\\tessdata'
    'TMP' => 'C:\\Windows\\TEMP'
    'USERDOMAIN' => 'WORKGROUP'
    'USERNAME' => 'PC-20170418EPGR$'
    'USERPROFILE' => 'C:\\Windows\\system32\\config\\systemprofile'
    'VBOX_MSI_INSTALL_PATH' => 'C:\\Program Files\\Oracle\\VirtualBox\\'
    'windir' => 'C:\\Windows'
    'windows_tracing_flags' => '3'
    'windows_tracing_logfile' => 'C:\\BVTBin\\Tests\\installpackage\\csilogfile.log'
    '_DFX_INSTALL_UNSIGNED_DRIVER' => '1'
    'HTTP_CACHE_CONTROL' => 'no-cache'
    'HTTP_PRAGMA' => 'no-cache'
    'HTTP_COOKIE' => 'PHPSESSID=bfp5ehv91mptk81k0bv8oa1nb2; _csrf=d63154cfb6ddc4ec8e73a638bf6a7180665260f2ef415e7cc634b6943b38f062a%3A2%3A%7Bi%3A0%3Bs%3A5%3A%22_csrf%22%3Bi%3A1%3Bs%3A32%3A%22rHhlUz4vETkmwdPQEndKFx6yxq_-fh_8%22%3B%7D'
    'HTTP_CONNECTION' => 'keep-alive'
    'HTTP_DNT' => '1'
    'HTTP_REFERER' => 'http://jx.com/bemanage/banner/index'
    'HTTP_ACCEPT_ENCODING' => 'gzip, deflate'
    'HTTP_ACCEPT_LANGUAGE' => 'zh-CN,zh;q=0.8,zh-TW;q=0.7,zh-HK;q=0.5,en-US;q=0.3,en;q=0.2'
    'HTTP_ACCEPT' => '*/*'
    'HTTP_USER_AGENT' => 'Mozilla/5.0 (Windows NT 6.1; Win64; x64; rv:63.0) Gecko/20100101 Firefox/63.0'
    'HTTP_HOST' => 'jx.com'
    'REDIRECT_STATUS' => '200'
    'SERVER_NAME' => 'jx.com'
    'SERVER_PORT' => '80'
    'SERVER_ADDR' => '127.0.0.1'
    'REMOTE_PORT' => '61944'
    'REMOTE_ADDR' => '127.0.0.1'
    'SERVER_SOFTWARE' => 'nginx/1.11.5'
    'GATEWAY_INTERFACE' => 'CGI/1.1'
    'SERVER_PROTOCOL' => 'HTTP/1.1'
    'DOCUMENT_ROOT' => 'E:/kevin/test/a/jx\\wwwroot'
    'DOCUMENT_URI' => '/index.php'
    'REQUEST_URI' => '/upload/banner/201811051801028314.png'
    'SCRIPT_NAME' => '/index.php'
    'CONTENT_LENGTH' => ''
    'CONTENT_TYPE' => ''
    'UNTOUCHED_BODY' => ''
    'REQUEST_METHOD' => 'GET'
    'QUERY_STRING' => 's=/upload/banner/201811051801028314.png'
    'PATH_TRANSLATED' => 'E:/kevin/test/a/jx\\wwwroot'
    'PATH_INFO' => ''
    'SCRIPT_FILENAME' => 'E:/kevin/test/a/jx\\wwwroot/index.php'
    'FCGI_ROLE' => 'RESPONDER'
    'PHP_SELF' => '/index.php'
    'REQUEST_TIME_FLOAT' => 1541412082.831
    'REQUEST_TIME' => 1541412082
]
